[2025-02-02 19:53:48] [INFO    ] discord.client: logging in using static token
[2025-02-02 19:53:49] [INFO    ] discord.gateway: Shard ID None has connected to Gateway (Session ID: d3b3030d8995f6754344eb6eb5b9f5d4).
[2025-02-02 19:54:04] [INFO    ] discord.voice_state: Connecting to voice...
[2025-02-02 19:54:04] [INFO    ] discord.voice_state: Starting voice handshake... (connection attempt 1)
[2025-02-02 19:54:04] [INFO    ] discord.voice_state: Voice handshake complete. Endpoint found: rotterdam11044.discord.media
[2025-02-02 19:54:04] [INFO    ] discord.voice_state: Voice connection complete.
[2025-02-02 19:54:37] [INFO    ] discord.player: ffmpeg process 33346 successfully terminated with return code of 0.
[2025-02-02 19:55:10] [INFO    ] discord.player: ffmpeg process 33590 successfully terminated with return code of 0.
[2025-02-02 19:55:43] [INFO    ] discord.player: ffmpeg process 33811 successfully terminated with return code of 0.
[2025-02-02 19:56:18] [INFO    ] discord.player: ffmpeg process 34151 successfully terminated with return code of 0.
[2025-02-02 19:56:31] [ERROR   ] discord.ext.commands.bot: Ignoring exception in command None
discord.ext.commands.errors.CommandNotFound: Command "leavee" is not found
[2025-02-02 19:56:32] [INFO    ] discord.voice_state: The voice handshake is being terminated for Channel ID 1335365058796191789 (Guild ID 1335365058796191785)
[2025-02-02 19:56:32] [INFO    ] discord.player: ffmpeg process 34478 has not terminated. Waiting to terminate...
[2025-02-02 19:56:32] [INFO    ] discord.player: ffmpeg process 34478 should have terminated with a return code of -9.
[2025-02-02 19:56:36] [ERROR   ] asyncio: Task exception was never retrieved
future: <Task finished name='Task-72' coro=<MusicQuiz.start_song() done, defined at /home/tagordo/Documents/side-projects/music-quiz-bot/bot/cogs/musicQuiz.py:191> exception=AttributeError("'NoneType' object has no attribute 'play'")>
Traceback (most recent call last):
  File "/home/tagordo/Documents/side-projects/music-quiz-bot/bot/cogs/musicQuiz.py", line 202, in start_song
    await self.play_audio_url(ctx, audio_url)
  File "/home/tagordo/Documents/side-projects/music-quiz-bot/bot/cogs/musicHandler.py", line 80, in play_audio_url
    voice_client.play(source,after=partial(self.next_song, ctx=ctx))
    ^^^^^^^^^^^^^^^^^
AttributeError: 'NoneType' object has no attribute 'play'
[2025-02-02 19:56:36] [INFO    ] discord.player: ffmpeg process 34597 has not terminated. Waiting to terminate...
[2025-02-02 19:56:36] [INFO    ] discord.player: ffmpeg process 34597 should have terminated with a return code of -9.
[2025-02-02 19:56:36] [ERROR   ] discord.client: Ignoring exception in on_message
Traceback (most recent call last):
  File "/home/tagordo/snap/code/179/.local/share/virtualenvs/music-quiz-bot-PZw_aL80/lib/python3.12/site-packages/discord/client.py", line 449, in _run_event
    await coro(*args, **kwargs)
  File "/home/tagordo/Documents/side-projects/music-quiz-bot/bot/cogs/musicQuiz.py", line 119, in on_message
    if self.game['artist_guessed'] and self.game['song_guessed']:
       ~~~~~~~~~^^^^^^^^^^^^^^^^^^
KeyError: 'artist_guessed'
